#! /c/Source/iverilog-install/bin/vvp
:ivl_version "12.0 (devel)" "(s20150603-1539-g2693dd32b)";
:ivl_delay_selection "TYPICAL";
:vpi_time_precision + 0;
:vpi_module "C:\iverilog\lib\ivl\system.vpi";
:vpi_module "C:\iverilog\lib\ivl\vhdl_sys.vpi";
:vpi_module "C:\iverilog\lib\ivl\vhdl_textio.vpi";
:vpi_module "C:\iverilog\lib\ivl\v2005_math.vpi";
:vpi_module "C:\iverilog\lib\ivl\va_math.vpi";
S_0000021a1383b2c0 .scope module, "teste" "teste" 2 28;
 .timescale 0 0;
v0000021a138025b0_0 .var "entrada", 3 0;
v0000021a13802650_0 .var/i "i", 31 0;
v0000021a138026f0_0 .var "ready", 0 0;
v0000021a13802790_0 .var "reset", 0 0;
v0000021a13802830_0 .net "saida_wire", 3 0, L_0000021a1382bd40;  1 drivers
S_0000021a1383b450 .scope module, "UUT" "saida_geral" 2 34, 2 1 0, S_0000021a1383b2c0;
 .timescale 0 0;
    .port_info 0 /OUTPUT 4 "saida";
    .port_info 1 /INPUT 4 "entrada";
    .port_info 2 /INPUT 1 "reset";
    .port_info 3 /INPUT 1 "ready";
L_0000021a1382bd40 .functor BUFZ 4, v0000021a13802510_0, C4<0000>, C4<0000>, C4<0000>;
v0000021a13802ce0_0 .net "entrada", 3 0, v0000021a138025b0_0;  1 drivers
v0000021a1382bca0_0 .net "ready", 0 0, v0000021a138026f0_0;  1 drivers
v0000021a1383b5e0_0 .net "reset", 0 0, v0000021a13802790_0;  1 drivers
v0000021a1383b680_0 .net "saida", 3 0, L_0000021a1382bd40;  alias, 1 drivers
v0000021a13802510_0 .var "saida_reg", 3 0;
E_0000021a138298e0 .event posedge, v0000021a1383b5e0_0;
E_0000021a138293a0 .event posedge, v0000021a1382bca0_0;
    .scope S_0000021a1383b450;
T_0 ;
    %wait E_0000021a138293a0;
    %load/vec4 v0000021a13802ce0_0;
    %parti/s 1, 3, 3;
    %load/vec4 v0000021a13802ce0_0;
    %parti/s 1, 2, 3;
    %inv;
    %and;
    %load/vec4 v0000021a13802ce0_0;
    %parti/s 1, 1, 2;
    %inv;
    %and;
    %flag_set/vec4 8;
    %jmp/1 T_0.4, 8;
    %load/vec4 v0000021a13802ce0_0;
    %parti/s 1, 3, 3;
    %load/vec4 v0000021a13802ce0_0;
    %parti/s 1, 1, 2;
    %inv;
    %and;
    %load/vec4 v0000021a13802ce0_0;
    %parti/s 1, 0, 2;
    %and;
    %flag_set/vec4 9;
    %flag_or 8, 9;
T_0.4;
    %jmp/1 T_0.3, 8;
    %load/vec4 v0000021a13802ce0_0;
    %parti/s 1, 3, 3;
    %load/vec4 v0000021a13802ce0_0;
    %parti/s 1, 2, 3;
    %inv;
    %and;
    %load/vec4 v0000021a13802ce0_0;
    %parti/s 1, 0, 2;
    %and;
    %flag_set/vec4 9;
    %flag_or 8, 9;
T_0.3;
    %jmp/1 T_0.2, 8;
    %load/vec4 v0000021a13802ce0_0;
    %parti/s 1, 2, 3;
    %inv;
    %load/vec4 v0000021a13802ce0_0;
    %parti/s 1, 1, 2;
    %inv;
    %and;
    %load/vec4 v0000021a13802ce0_0;
    %parti/s 1, 0, 2;
    %and;
    %flag_set/vec4 9;
    %flag_or 8, 9;
T_0.2;
    %jmp/1 T_0.1, 8;
    %load/vec4 v0000021a13802ce0_0;
    %parti/s 1, 3, 3;
    %inv;
    %load/vec4 v0000021a13802ce0_0;
    %parti/s 1, 2, 3;
    %and;
    %load/vec4 v0000021a13802ce0_0;
    %parti/s 1, 0, 2;
    %inv;
    %and;
    %flag_set/vec4 9;
    %flag_or 8, 9;
T_0.1;
    %flag_get/vec4 8;
    %jmp/1 T_0.0, 8;
    %load/vec4 v0000021a13802ce0_0;
    %parti/s 1, 3, 3;
    %inv;
    %load/vec4 v0000021a13802ce0_0;
    %parti/s 1, 2, 3;
    %and;
    %load/vec4 v0000021a13802ce0_0;
    %parti/s 1, 1, 2;
    %and;
    %or;
T_0.0;
    %ix/load 4, 3, 0;
    %ix/load 5, 0, 0;
    %flag_set/imm 4, 0;
    %assign/vec4/off/d v0000021a13802510_0, 4, 5;
    %load/vec4 v0000021a13802ce0_0;
    %parti/s 1, 2, 3;
    %load/vec4 v0000021a13802ce0_0;
    %parti/s 1, 1, 2;
    %and;
    %load/vec4 v0000021a13802ce0_0;
    %parti/s 1, 0, 2;
    %and;
    %flag_set/vec4 8;
    %jmp/1 T_0.9, 8;
    %load/vec4 v0000021a13802ce0_0;
    %parti/s 1, 2, 3;
    %inv;
    %load/vec4 v0000021a13802ce0_0;
    %parti/s 1, 1, 2;
    %inv;
    %and;
    %load/vec4 v0000021a13802ce0_0;
    %parti/s 1, 0, 2;
    %inv;
    %and;
    %flag_set/vec4 9;
    %flag_or 8, 9;
T_0.9;
    %jmp/1 T_0.8, 8;
    %load/vec4 v0000021a13802ce0_0;
    %parti/s 1, 3, 3;
    %load/vec4 v0000021a13802ce0_0;
    %parti/s 1, 1, 2;
    %and;
    %load/vec4 v0000021a13802ce0_0;
    %parti/s 1, 0, 2;
    %and;
    %flag_set/vec4 9;
    %flag_or 8, 9;
T_0.8;
    %jmp/1 T_0.7, 8;
    %load/vec4 v0000021a13802ce0_0;
    %parti/s 1, 3, 3;
    %inv;
    %load/vec4 v0000021a13802ce0_0;
    %parti/s 1, 2, 3;
    %inv;
    %and;
    %load/vec4 v0000021a13802ce0_0;
    %parti/s 1, 1, 2;
    %inv;
    %and;
    %flag_set/vec4 9;
    %flag_or 8, 9;
T_0.7;
    %jmp/1 T_0.6, 8;
    %load/vec4 v0000021a13802ce0_0;
    %parti/s 1, 3, 3;
    %load/vec4 v0000021a13802ce0_0;
    %parti/s 1, 2, 3;
    %and;
    %load/vec4 v0000021a13802ce0_0;
    %parti/s 1, 1, 2;
    %and;
    %flag_set/vec4 9;
    %flag_or 8, 9;
T_0.6;
    %flag_get/vec4 8;
    %jmp/1 T_0.5, 8;
    %load/vec4 v0000021a13802ce0_0;
    %parti/s 1, 3, 3;
    %inv;
    %load/vec4 v0000021a13802ce0_0;
    %parti/s 1, 2, 3;
    %inv;
    %and;
    %load/vec4 v0000021a13802ce0_0;
    %parti/s 1, 0, 2;
    %inv;
    %and;
    %or;
T_0.5;
    %ix/load 4, 2, 0;
    %ix/load 5, 0, 0;
    %flag_set/imm 4, 0;
    %assign/vec4/off/d v0000021a13802510_0, 4, 5;
    %load/vec4 v0000021a13802ce0_0;
    %parti/s 1, 3, 3;
    %inv;
    %load/vec4 v0000021a13802ce0_0;
    %parti/s 1, 1, 2;
    %inv;
    %and;
    %load/vec4 v0000021a13802ce0_0;
    %parti/s 1, 0, 2;
    %inv;
    %and;
    %flag_set/vec4 8;
    %jmp/1 T_0.13, 8;
    %load/vec4 v0000021a13802ce0_0;
    %parti/s 1, 3, 3;
    %inv;
    %load/vec4 v0000021a13802ce0_0;
    %parti/s 1, 1, 2;
    %and;
    %load/vec4 v0000021a13802ce0_0;
    %parti/s 1, 0, 2;
    %and;
    %flag_set/vec4 9;
    %flag_or 8, 9;
T_0.13;
    %jmp/1 T_0.12, 8;
    %load/vec4 v0000021a13802ce0_0;
    %parti/s 1, 3, 3;
    %load/vec4 v0000021a13802ce0_0;
    %parti/s 1, 2, 3;
    %and;
    %load/vec4 v0000021a13802ce0_0;
    %parti/s 1, 1, 2;
    %inv;
    %and;
    %flag_set/vec4 9;
    %flag_or 8, 9;
T_0.12;
    %jmp/1 T_0.11, 8;
    %load/vec4 v0000021a13802ce0_0;
    %parti/s 1, 3, 3;
    %load/vec4 v0000021a13802ce0_0;
    %parti/s 1, 2, 3;
    %and;
    %load/vec4 v0000021a13802ce0_0;
    %parti/s 1, 0, 2;
    %inv;
    %and;
    %flag_set/vec4 9;
    %flag_or 8, 9;
T_0.11;
    %flag_get/vec4 8;
    %jmp/1 T_0.10, 8;
    %load/vec4 v0000021a13802ce0_0;
    %parti/s 1, 2, 3;
    %inv;
    %load/vec4 v0000021a13802ce0_0;
    %parti/s 1, 1, 2;
    %and;
    %load/vec4 v0000021a13802ce0_0;
    %parti/s 1, 0, 2;
    %and;
    %or;
T_0.10;
    %ix/load 4, 1, 0;
    %ix/load 5, 0, 0;
    %flag_set/imm 4, 0;
    %assign/vec4/off/d v0000021a13802510_0, 4, 5;
    %load/vec4 v0000021a13802ce0_0;
    %parti/s 1, 3, 3;
    %inv;
    %load/vec4 v0000021a13802ce0_0;
    %parti/s 1, 2, 3;
    %and;
    %flag_set/vec4 8;
    %jmp/1 T_0.15, 8;
    %load/vec4 v0000021a13802ce0_0;
    %parti/s 1, 1, 2;
    %inv;
    %load/vec4 v0000021a13802ce0_0;
    %parti/s 1, 0, 2;
    %inv;
    %and;
    %flag_set/vec4 9;
    %flag_or 8, 9;
T_0.15;
    %flag_get/vec4 8;
    %jmp/1 T_0.14, 8;
    %load/vec4 v0000021a13802ce0_0;
    %parti/s 1, 3, 3;
    %inv;
    %load/vec4 v0000021a13802ce0_0;
    %parti/s 1, 0, 2;
    %inv;
    %and;
    %or;
T_0.14;
    %ix/load 4, 0, 0;
    %ix/load 5, 0, 0;
    %flag_set/imm 4, 0;
    %assign/vec4/off/d v0000021a13802510_0, 4, 5;
    %jmp T_0;
    .thread T_0;
    .scope S_0000021a1383b450;
T_1 ;
    %wait E_0000021a138298e0;
    %pushi/vec4 0, 0, 4;
    %assign/vec4 v0000021a13802510_0, 0;
    %jmp T_1;
    .thread T_1;
    .scope S_0000021a1383b2c0;
T_2 ;
    %vpi_call 2 45 "$dumpfile", "saida.vcd" {0 0 0};
    %vpi_call 2 46 "$dumpvars", 32'sb00000000000000000000000000000000, v0000021a13802830_0, v0000021a138025b0_0, v0000021a13802790_0, v0000021a138026f0_0 {0 0 0};
    %pushi/vec4 0, 0, 1;
    %store/vec4 v0000021a13802790_0, 0, 1;
    %pushi/vec4 0, 0, 1;
    %store/vec4 v0000021a138026f0_0, 0, 1;
    %vpi_call 2 51 "$display", "| A | B | C | D |  | S3| S2| S1| S0|" {0 0 0};
    %pushi/vec4 0, 0, 32;
    %store/vec4 v0000021a13802650_0, 0, 32;
T_2.0 ;
    %load/vec4 v0000021a13802650_0;
    %cmpi/s 16, 0, 32;
    %jmp/0xz T_2.1, 5;
    %load/vec4 v0000021a13802650_0;
    %pad/s 4;
    %store/vec4 v0000021a138025b0_0, 0, 4;
    %pushi/vec4 1, 0, 1;
    %store/vec4 v0000021a138026f0_0, 0, 1;
    %delay 10, 0;
    %pushi/vec4 0, 0, 1;
    %store/vec4 v0000021a138026f0_0, 0, 1;
    %delay 10, 0;
    %vpi_call 2 58 "$display", "| %b | %b | %b | %b |  | %b | %b | %b | %b |", &PV<v0000021a138025b0_0, 3, 1>, &PV<v0000021a138025b0_0, 2, 1>, &PV<v0000021a138025b0_0, 1, 1>, &PV<v0000021a138025b0_0, 0, 1>, &PV<v0000021a13802830_0, 3, 1>, &PV<v0000021a13802830_0, 2, 1>, &PV<v0000021a13802830_0, 1, 1>, &PV<v0000021a13802830_0, 0, 1> {0 0 0};
    %load/vec4 v0000021a13802650_0;
    %addi 1, 0, 32;
    %store/vec4 v0000021a13802650_0, 0, 32;
    %jmp T_2.0;
T_2.1 ;
    %pushi/vec4 1, 0, 1;
    %store/vec4 v0000021a13802790_0, 0, 1;
    %delay 10, 0;
    %vpi_call 2 63 "$display", "| %b | %b | %b | %b |  | %b | %b | %b | %b |", &PV<v0000021a138025b0_0, 3, 1>, &PV<v0000021a138025b0_0, 2, 1>, &PV<v0000021a138025b0_0, 1, 1>, &PV<v0000021a138025b0_0, 0, 1>, &PV<v0000021a13802830_0, 3, 1>, &PV<v0000021a13802830_0, 2, 1>, &PV<v0000021a13802830_0, 1, 1>, &PV<v0000021a13802830_0, 0, 1> {0 0 0};
    %vpi_call 2 64 "$finish" {0 0 0};
    %end;
    .thread T_2;
# The file index is used to find the file name in the following table.
:file_names 3;
    "N/A";
    "<interactive>";
    "module_geral.v";
